<?xml version="1.0" encoding="UTF-8"?>
<!-- Generated by org.testng.reporters.JUnitReportReporter -->
<testsuite hostname="LAPTOP-RT44PC2G" failures="0" tests="1" name="SampleTest.Sample.Baseclassinvoke" time="34.386" errors="0" timestamp="19 Jun 2021 11:14:53 GMT">
  <testcase classname="SampleTest.Sample.Baseclassinvoke" name="callbrowser" time="34.386"/>
</testsuite> <!-- SampleTest.Sample.Baseclassinvoke -->
