<?xml version="1.0" encoding="UTF-8"?>
<!-- Generated by org.testng.reporters.JUnitReportReporter -->
<testsuite hostname="LAPTOP-RT44PC2G" failures="0" tests="1" name="SampleTest.Sample.AssertText" time="25.536" errors="0" timestamp="20 Jun 2021 06:07:59 GMT">
  <testcase classname="SampleTest.Sample.AssertText" name="callbrowser" time="25.536"/>
</testsuite> <!-- SampleTest.Sample.AssertText -->
